<?xml version="1.0" encoding="UTF-8"?>
<!-- Generated by org.testng.reporters.JUnitReportReporter -->
<testsuite ignored="0" hostname="DESKTOP-CKBL5PE" failures="0" tests="1" name="org.testing.testscripts.testcase1" time="5.958" errors="0" timestamp="25 Aug 2023 19:46:45 GMT" skipped="0">
  <testcase classname="org.testing.testscripts.testcase1" name="tc1" time="5.958"/>
</testsuite> <!-- org.testing.testscripts.testcase1 -->
